2019-10-24T11:45:36.622Z error: undefined: TypeError: app.listen is not a function
    at /Users/nick/dev/node/wdean-form-server/app/server.js:19:18
    at processTicksAndRejections (internal/process/task_queues.js:93:5)
2019-10-24T11:54:05.191Z error: undefined: TypeError: app.listen is not a function
    at /Users/nick/dev/node/wdean-form-server/app/server.js:19:18
    at processTicksAndRejections (internal/process/task_queues.js:93:5)
2019-10-24T11:55:05.889Z error: undefined: TypeError: app.listen is not a function
    at /Users/nick/dev/node/wdean-form-server/app/server.js:19:18
    at processTicksAndRejections (internal/process/task_queues.js:93:5)
2019-10-24T11:59:31.471Z error: undefined: TypeError: app.listen is not a function
    at /Users/nick/dev/node/wdean-form-server/app/server.js:19:18
    at processTicksAndRejections (internal/process/task_queues.js:93:5)
2019-10-25T01:40:31.155Z error: undefined: TypeError: app.listen is not a function
    at /Users/nick/dev/node/wdean-form-server/app/server.js:19:18
    at processTicksAndRejections (internal/process/task_queues.js:93:5)
2019-10-25T01:50:18.847Z info: Form server running on port: 55555
2019-10-26T03:38:36.151Z info: Form server running on port: 3000
2019-10-26T03:47:43.689Z info: [0mGET /test [33m404 [0m3.774 ms - 143[0m

2019-10-26T03:48:51.152Z info: [0mGET /api/testApi [33m404 [0m1.549 ms - 150[0m

2019-10-26T03:49:29.413Z info: [0mGET /api/public/testApi [32m200 [0m3.095 ms - 24[0m

2019-10-26T07:41:38.926Z info: Form server running on port: 3000
2019-10-26T07:42:09.916Z info: Form server running on port: 3000
2019-10-26T07:42:29.622Z info: Form server running on port: 3000
2019-10-26T07:42:53.057Z info: Form server running on port: 3000
2019-10-26T07:43:10.979Z info: [0mGET /api/public/testApi [32m200 [0m7.913 ms - 24[0m

2019-10-26T07:43:37.370Z info: Form server running on port: 3000
2019-10-26T07:44:25.061Z info: Form server running on port: 3000
2019-10-26T07:44:30.624Z info: [0mGET /api/public/testApi [32m200 [0m8.250 ms - 21[0m

2019-10-26T07:49:04.103Z info: Form server running on port: 3000
2019-10-26T07:49:19.204Z info: Form server running on port: 3000
2019-10-26T07:49:56.349Z info: Form server running on port: 3000
2019-10-26T07:50:14.646Z info: Form server running on port: 3000
2019-10-26T07:50:53.333Z info: Form server running on port: 3000
2019-10-26T07:51:02.546Z info: Form server running on port: 3000
2019-10-26T07:52:02.013Z info: [0mGET /api/public/testApi [32m200 [0m7.605 ms - 21[0m

2019-10-26T07:52:10.129Z info: Form server running on port: 3000
2019-10-26T07:52:14.504Z info: [0mGET /api/public/testApi [32m200 [0m4.518 ms - 21[0m

2019-10-26T07:52:38.348Z info: Form server running on port: 3000
2019-10-26T07:52:42.075Z info: [0mGET /api/public/testApi [32m200 [0m8.690 ms - 21[0m

2019-10-26T08:03:17.858Z info: [0mGET /api/public/testApi [32m200 [0m0.821 ms - 21[0m

2019-10-26T08:04:45.931Z info: Form server running on port: 3000
2019-10-26T08:04:58.347Z info: Form server running on port: 3000
2019-10-26T08:05:46.444Z info: Form server running on port: 3000
2019-10-26T08:05:56.729Z info: Form server running on port: 3000
2019-10-26T08:18:40.706Z info: Form server running on port: 3000
2019-10-26T08:18:52.972Z info: Form server running on port: 3000
2019-10-26T08:19:14.318Z info: [0mGET /api/public/testApi [32m200 [0m6.623 ms - 21[0m

2019-10-26T08:19:42.367Z info: Form server running on port: 3000
2019-10-26T08:19:45.569Z info: [0mGET /api/public/testApi [32m200 [0m6.796 ms - 21[0m

2019-10-26T08:20:46.581Z info: Form server running on port: 3000
2019-12-16T06:20:37.931Z info: Form server running on port: 3000
2019-12-16T06:25:05.656Z info: [0mGET /api/public/testApi [32m200 [0m2.983 ms - 21[0m

2019-12-16T20:52:02.529Z info: [0mGET / [33m404 [0m1.145 ms - 139[0m

2019-12-16T20:52:19.568Z info: Form server running on port: 3000
2019-12-16T21:33:49.978Z info: Form server running on port: 3000
2019-12-16T21:33:59.177Z info: [0mGET /api/public/testApi [32m200 [0m3.086 ms - 21[0m

2019-12-16T21:35:44.172Z info: Form server running on port: 3000
2019-12-16T21:52:53.943Z info: Form server running on port: 3000
2019-12-16T21:55:03.589Z info: Form server running on port: 3000
2019-12-16T22:15:03.116Z info: Form server running on port: 3000
2019-12-16T22:15:19.166Z error: CONTROLLER_ERROR - TypeError: Cannot read property 'GET' of undefined
2019-12-16T22:15:19.170Z info: [0mGET /api/public/getForm [31m500 [0m3.281 ms - 114[0m

2019-12-16T22:15:43.905Z info: Form server running on port: 3000
2019-12-16T22:16:31.122Z error: CONTROLLER_ERROR - TypeError: Cannot read property 'GET' of undefined
2019-12-16T22:16:31.127Z info: [0mGET /api/public/getForm [31m500 [0m3.602 ms - 114[0m

2019-12-16T22:19:34.140Z info: Form server running on port: 3000
2019-12-16T22:19:38.975Z info: [0mGET /api/public/getForm [32m200 [0m5.436 ms - -[0m

2019-12-17T05:22:20.454Z info: [0mGET /api/public/getForm [32m200 [0m0.714 ms - -[0m

2019-12-17T05:22:31.243Z info: [0mGET /api/public/getForm [36m304 [0m0.432 ms - -[0m

2019-12-17T05:23:23.786Z info: [0mGET /api/public/getForm [36m304 [0m0.330 ms - -[0m

2019-12-17T05:31:52.955Z info: [0mGET /api/public/getForm [36m304 [0m0.289 ms - -[0m

2019-12-17T05:38:38.544Z info: [0mGET /api/public/getForm [36m304 [0m0.299 ms - -[0m

2019-12-17T05:38:46.078Z info: [0mGET /api/public/getForm [36m304 [0m0.284 ms - -[0m

2019-12-17T05:40:37.836Z info: [0mGET /api/public/getForm [36m304 [0m0.346 ms - -[0m

2019-12-17T05:40:43.734Z info: [0mGET /api/public/getForm [36m304 [0m0.274 ms - -[0m

2019-12-17T05:41:46.497Z info: [0mGET /api/public/getForm [36m304 [0m0.333 ms - -[0m

2019-12-17T05:43:26.060Z info: [0mGET /api/public/getForm [36m304 [0m0.275 ms - -[0m

2019-12-17T05:43:58.034Z info: [0mGET /api/public/getForm [36m304 [0m0.272 ms - -[0m

2019-12-17T05:44:29.380Z info: [0mGET /api/public/getForm [36m304 [0m0.280 ms - -[0m

2019-12-17T05:44:52.114Z info: [0mGET /api/public/getForm [36m304 [0m0.327 ms - -[0m

2019-12-17T05:45:33.363Z info: [0mGET /api/public/getForm [36m304 [0m0.275 ms - -[0m

2019-12-17T05:46:27.544Z info: [0mGET /api/public/getForm [36m304 [0m0.253 ms - -[0m

2019-12-17T05:47:34.571Z info: [0mGET /api/public/getForm [36m304 [0m0.274 ms - -[0m

2019-12-17T05:47:56.312Z info: [0mGET /api/public/getForm [36m304 [0m0.265 ms - -[0m

2019-12-17T05:48:45.036Z info: [0mGET /api/public/getForm [36m304 [0m0.275 ms - -[0m

2019-12-17T05:49:02.075Z info: [0mGET /api/public/getForm [36m304 [0m0.240 ms - -[0m

2019-12-17T05:58:36.307Z info: [0mGET /api/public/getForm [36m304 [0m0.345 ms - -[0m

2019-12-17T05:59:02.385Z info: [0mGET /api/public/getForm [36m304 [0m0.385 ms - -[0m

2019-12-17T05:59:10.601Z info: [0mGET /api/public/getForm [36m304 [0m0.239 ms - -[0m

2019-12-17T05:59:58.241Z info: Form server running on port: 3000
2019-12-17T06:00:20.596Z info: Form server running on port: 3000
2019-12-17T06:00:32.944Z info: [0mGET /api/public/getForm [36m304 [0m3.261 ms - -[0m

2019-12-17T06:01:40.496Z info: [0mGET /api/public/getForm [36m304 [0m0.338 ms - -[0m

2019-12-17T06:03:22.513Z info: [0mGET /api/public/getForm [36m304 [0m0.447 ms - -[0m

2019-12-17T06:06:45.545Z info: [0mGET /api/public/getForm [36m304 [0m0.311 ms - -[0m

2019-12-17T06:06:59.688Z info: [0mGET /api/public/getForm [36m304 [0m0.362 ms - -[0m

2019-12-17T06:07:19.367Z info: [0mGET /api/public/getForm [36m304 [0m0.308 ms - -[0m

2019-12-17T06:08:52.656Z info: [0mGET /api/public/getForm [36m304 [0m0.303 ms - -[0m

2019-12-17T06:09:55.522Z info: [0mGET /api/public/getForm [36m304 [0m0.310 ms - -[0m

2019-12-17T06:10:19.807Z info: [0mGET /api/public/getForm [36m304 [0m0.263 ms - -[0m

2019-12-17T06:10:32.641Z info: [0mGET /api/public/getForm [36m304 [0m0.272 ms - -[0m

2019-12-17T06:11:10.135Z info: [0mGET /api/public/getForm [36m304 [0m0.256 ms - -[0m

2019-12-17T06:11:21.364Z info: [0mGET /api/public/getForm [36m304 [0m0.274 ms - -[0m

2019-12-17T06:11:49.168Z info: [0mGET /api/public/getForm [36m304 [0m0.275 ms - -[0m

2019-12-17T06:12:35.671Z info: [0mGET /api/public/getForm [36m304 [0m0.260 ms - -[0m

2019-12-17T06:12:54.020Z info: [0mGET /api/public/getForm [36m304 [0m0.256 ms - -[0m

2019-12-17T06:13:08.749Z info: [0mGET /api/public/getForm [36m304 [0m0.248 ms - -[0m

2019-12-17T06:13:28.837Z info: [0mGET /api/public/getForm [36m304 [0m0.334 ms - -[0m

2019-12-17T06:13:40.975Z info: [0mGET /api/public/getForm [36m304 [0m0.275 ms - -[0m

2019-12-17T06:13:46.700Z info: [0mGET /api/public/getForm [36m304 [0m0.254 ms - -[0m

2019-12-17T06:13:51.435Z info: [0mGET /api/public/getForm [36m304 [0m0.260 ms - -[0m

2019-12-17T06:14:36.681Z info: Form server running on port: 3000
2019-12-17T06:14:40.099Z info: [0mGET /api/public/getForm [32m200 [0m5.069 ms - -[0m

2019-12-17T06:14:54.041Z info: Form server running on port: 3000
2019-12-17T06:14:58.603Z info: [0mGET /api/public/getForm [32m200 [0m5.826 ms - -[0m

2019-12-17T06:15:22.216Z info: [0mGET /api/public/getForm [36m304 [0m0.529 ms - -[0m

2019-12-19T03:52:08.967Z info: Form server running on port: 3000
2019-12-19T12:23:59.397Z info: Form server running on port: 3000
2019-12-19T20:46:00.392Z info: Form server running on port: 3000
2019-12-19T20:46:10.524Z info: Form server running on port: 3000
2019-12-19T20:46:56.650Z info: Form server running on port: 3000
2019-12-20T10:46:12.983Z info: Form server running on port: 3000
2019-12-20T10:48:21.427Z info: [0mGET /api/public/getForm [0m- [0m- ms - -[0m

2019-12-20T10:54:31.527Z info: Form server running on port: 3000
2019-12-20T10:55:46.162Z info: Form server running on port: 3000
2019-12-20T10:56:13.266Z info: Form server running on port: 3000
2019-12-20T10:57:57.161Z info: [0mGET /api/public/getForm [0m- [0m- ms - -[0m

2019-12-20T10:58:12.292Z info: [0mGET /api/public/getForm [0m- [0m- ms - -[0m

2019-12-20T10:59:00.702Z info: Form server running on port: 3000
2019-12-20T10:59:13.988Z info: [0mGET /api/public/getForm [0m- [0m- ms - -[0m

2019-12-20T10:59:27.911Z info: Form server running on port: 3000
2019-12-20T10:59:39.985Z info: [0mGET /api/public/getForm [0m- [0m- ms - -[0m

2019-12-20T11:00:29.784Z info: Form server running on port: 3000
2019-12-20T11:00:46.294Z info: [0mGET /api/public/getForm [0m- [0m- ms - -[0m

2019-12-20T11:01:25.576Z info: Form server running on port: 3000
2019-12-20T11:02:34.785Z info: Form server running on port: 3000
2019-12-20T11:03:12.159Z info: [0mGET /api/public/getForm [0m- [0m- ms - -[0m

2019-12-20T19:01:43.565Z info: Form server running on port: 3000
2019-12-20T19:05:05.917Z info: Form server running on port: 3000
2019-12-20T19:06:04.585Z info: Form server running on port: 3000
2019-12-20T19:06:09.241Z info: Form server running on port: 3000
2019-12-20T19:06:45.340Z info: Form server running on port: 3000
2019-12-20T19:08:49.218Z info: [0mGET /api/public/getForm [0m- [0m- ms - -[0m

2019-12-20T19:09:07.078Z info: Form server running on port: 3000
2019-12-20T19:09:33.226Z info: Form server running on port: 3000
2019-12-20T20:29:30.035Z info: Form server running on port: 3000
2019-12-20T20:32:45.428Z info: [0mGET /api/public/getForm [0m- [0m- ms - -[0m

2019-12-20T20:33:43.663Z info: [0mGET /api/public/testApi [32m200 [0m2.021 ms - 21[0m

2019-12-20T20:34:32.509Z info: Form server running on port: 3000
2019-12-20T20:34:37.296Z info: [0mGET /api/public/testApi [32m200 [0m3.310 ms - 21[0m

2019-12-20T20:34:55.916Z info: Form server running on port: 3000
2019-12-20T20:40:24.837Z info: Form server running on port: 3000
2019-12-20T20:42:32.664Z info: [0mGET /api/public/getForm [0m- [0m- ms - -[0m

2019-12-20T20:47:47.462Z info: Form server running on port: 3000
2019-12-20T20:49:26.149Z info: Form server running on port: 3000
2019-12-20T20:50:28.372Z info: Form server running on port: 3000
2019-12-20T20:50:38.320Z error: DB_ERROR - Error: ER_DBACCESS_DENIED_ERROR: Access denied for user 'wdm'@'localhost' to database 'wdean_forms'
2019-12-20T20:50:38.324Z info: [0mGET /api/public/getForm [31m500 [0m23.896 ms - 50[0m

2019-12-20T20:51:58.301Z info: [0mGET /api/public/getForm [32m200 [0m24.344 ms - -[0m

2019-12-20T20:56:21.621Z info: Form server running on port: 3000
2019-12-20T20:56:54.007Z info: Form server running on port: 3000
2019-12-20T20:57:05.326Z error: CONTROLLER_ERROR - TypeError: Cannot read property 'GET' of undefined
2019-12-20T20:57:05.331Z info: [0mGET /api/public/getFormFile [31m500 [0m3.696 ms - 114[0m

2019-12-20T20:57:43.774Z info: [0mGET /api/public/getForm [32m200 [0m12.836 ms - -[0m

2019-12-20T21:02:13.015Z info: [0mGET /api/public/getFormFiles [33m404 [0m1.477 ms - 162[0m

2019-12-20T21:02:19.797Z error: CONTROLLER_ERROR - TypeError: Cannot read property 'GET' of undefined
2019-12-20T21:02:19.798Z info: [0mGET /api/public/getFormFile [31m500 [0m0.982 ms - 114[0m

2019-12-20T21:03:18.640Z info: Form server running on port: 3000
2019-12-20T21:03:24.611Z info: [0mGET /api/public/getFormFile [32m200 [0m4.311 ms - -[0m

2019-12-20T21:03:33.718Z info: [0mGET /api/public/getForm [32m200 [0m12.969 ms - -[0m

2019-12-20T23:33:24.175Z info: Form server running on port: 3000
2019-12-20T23:34:28.143Z info: [0mGET /api/public/getForm [32m200 [0m16.886 ms - -[0m

2019-12-20T23:40:14.923Z info: Form server running on port: 3000
2019-12-20T23:42:22.955Z info: [0mGET /api/public/getForm [0m- [0m- ms - -[0m

2019-12-20T23:54:01.984Z info: Form server running on port: 3000
2019-12-20T23:54:37.230Z info: Form server running on port: 3000
2019-12-20T23:54:46.847Z info: [0mGET /api/public/getFormFile [32m200 [0m5.331 ms - -[0m

2019-12-20T23:54:53.411Z info: [0mGET /api/public/getForm [32m200 [0m12.196 ms - -[0m

2019-12-20T23:56:09.192Z info: Form server running on port: 3000
2019-12-20T23:56:15.140Z info: [0mGET /api/public/getForm [32m200 [0m15.951 ms - -[0m

2019-12-20T23:56:24.246Z info: Form server running on port: 3000
2019-12-20T23:56:26.078Z info: [0mGET /api/public/getForm [32m200 [0m13.995 ms - -[0m

2019-12-20T23:56:33.375Z info: Form server running on port: 3000
2019-12-20T23:56:35.515Z info: [0mGET /api/public/getForm [32m200 [0m15.034 ms - -[0m

2019-12-21T00:00:55.442Z info: Form server running on port: 3000
2019-12-21T00:01:08.603Z info: [0mGET /api/public/getForm [32m200 [0m13.358 ms - -[0m

2019-12-21T00:06:26.755Z info: Form server running on port: 3000
2019-12-21T00:06:31.943Z info: [0mGET /api/public/getForm [32m200 [0m15.019 ms - -[0m

2019-12-21T01:05:40.900Z info: Form server running on port: 3000
2019-12-21T01:05:45.317Z info: [0mGET /api/public/getForm [32m200 [0m13.137 ms - -[0m

2019-12-21T01:12:29.260Z info: Form server running on port: 3000
2019-12-21T01:12:33.572Z info: [0mGET /api/public/getForm [32m200 [0m13.329 ms - -[0m

2019-12-21T01:13:59.507Z info: [0mGET /api/public/getForm [32m200 [0m2.971 ms - -[0m

2019-12-21T03:58:24.362Z info: [0mGET /api/public/getForm [36m304 [0m1.282 ms - -[0m

2019-12-21T03:59:23.897Z info: [0mGET /api/public/getFormFile [32m200 [0m0.554 ms - -[0m

2019-12-21T03:59:52.034Z info: [0mGET /api/public/getForm [32m200 [0m1.588 ms - -[0m

2019-12-21T04:02:10.464Z info: [0mGET /api/public/getForm [36m304 [0m1.566 ms - -[0m

2019-12-21T04:27:35.827Z info: Form server running on port: 3000
2019-12-21T04:47:02.518Z info: Form server running on port: 3000
2019-12-21T04:47:17.246Z info: [0mGET /api/public/getForm [36m304 [0m20.456 ms - -[0m

2019-12-21T08:31:59.292Z info: Form server running on port: 3000
2019-12-21T08:32:06.504Z info: [0mGET /api/public/getForm [32m200 [0m27.765 ms - -[0m

2019-12-22T01:48:22.588Z info: Form server running on port: 3000
2019-12-22T01:50:09.528Z info: [0mGET /api/public/getForm [36m304 [0m43.233 ms - -[0m

2019-12-22T04:28:04.710Z info: Form server running on port: 3000
2019-12-22T04:37:19.464Z info: [0mGET /api/public/getForm [32m200 [0m29.102 ms - -[0m

2019-12-22T04:38:34.904Z info: Form server running on port: 3000
2019-12-22T04:38:40.365Z error: CONTROLLER_ERROR - TypeError: Cannot read property 'GET' of undefined
2019-12-22T04:38:40.369Z info: [0mGET /api/public/getForm [31m500 [0m4.490 ms - 114[0m

2019-12-22T04:38:54.102Z error: CONTROLLER_ERROR - TypeError: Cannot read property 'GET' of undefined
2019-12-22T04:38:54.102Z info: [0mGET /api/public/getFormFile [31m500 [0m0.929 ms - 114[0m

2019-12-22T04:39:04.590Z error: CONTROLLER_ERROR - TypeError: Cannot read property 'GET' of undefined
2019-12-22T04:39:04.591Z info: [0mGET /api/public/testApi [31m500 [0m0.678 ms - 114[0m

2019-12-22T04:40:42.959Z info: Form server running on port: 3000
2019-12-22T04:40:53.076Z info: [0mGET /api/public/testApi [32m200 [0m4.458 ms - 21[0m

2019-12-22T04:40:58.563Z info: [0mGET /api/public/getForm [32m200 [0m10.990 ms - -[0m

2019-12-22T05:33:16.296Z info: Form server running on port: 3000
2019-12-22T05:35:28.701Z info: [0mGET /api/public/getForm [32m200 [0m16.059 ms - -[0m

2019-12-22T05:35:32.568Z info: [0mGET /api/public/getFormFile [32m200 [0m0.733 ms - -[0m

2019-12-22T05:35:36.174Z info: [0mGET /api/public/testApi [32m200 [0m0.478 ms - 21[0m

