2019-10-24T11:45:36.619Z error: undefined: TypeError: app.listen is not a function
    at /Users/nick/dev/node/wdean-form-server/app/server.js:19:18
    at processTicksAndRejections (internal/process/task_queues.js:93:5)
2019-10-24T11:54:05.188Z error: undefined: TypeError: app.listen is not a function
    at /Users/nick/dev/node/wdean-form-server/app/server.js:19:18
    at processTicksAndRejections (internal/process/task_queues.js:93:5)
2019-10-24T11:55:05.887Z error: undefined: TypeError: app.listen is not a function
    at /Users/nick/dev/node/wdean-form-server/app/server.js:19:18
    at processTicksAndRejections (internal/process/task_queues.js:93:5)
2019-10-24T11:59:31.468Z error: undefined: TypeError: app.listen is not a function
    at /Users/nick/dev/node/wdean-form-server/app/server.js:19:18
    at processTicksAndRejections (internal/process/task_queues.js:93:5)
2019-10-25T01:40:31.152Z error: undefined: TypeError: app.listen is not a function
    at /Users/nick/dev/node/wdean-form-server/app/server.js:19:18
    at processTicksAndRejections (internal/process/task_queues.js:93:5)
2019-12-16T22:15:19.166Z error: CONTROLLER_ERROR - TypeError: Cannot read property 'GET' of undefined
2019-12-16T22:16:31.122Z error: CONTROLLER_ERROR - TypeError: Cannot read property 'GET' of undefined
2019-12-20T20:50:38.319Z error: DB_ERROR - Error: ER_DBACCESS_DENIED_ERROR: Access denied for user 'wdm'@'localhost' to database 'wdean_forms'
2019-12-20T20:57:05.326Z error: CONTROLLER_ERROR - TypeError: Cannot read property 'GET' of undefined
2019-12-20T21:02:19.797Z error: CONTROLLER_ERROR - TypeError: Cannot read property 'GET' of undefined
